This file contains any messages produced by compilers while
running configure, to aid debugging if configure makes a mistake.

It was created by fuse-tutorial configure 2014-06-12, which was
generated by GNU Autoconf 2.63.  Invocation command line was

  $ ./configure 

## --------- ##
## Platform. ##
## --------- ##

hostname = cpp.cs.rutgers.edu
uname -m = x86_64
uname -r = 2.6.32-358.14.1.el6.x86_64
uname -s = Linux
uname -v = #1 SMP Tue Jul 16 23:51:20 UTC 2013

/usr/bin/uname -p = unknown
/bin/uname -X     = unknown

/bin/arch              = x86_64
/usr/bin/arch -k       = unknown
/usr/convex/getsysinfo = unknown
/usr/bin/hostinfo      = unknown
/bin/machine           = unknown
/usr/bin/oslevel       = unknown
/bin/universe          = unknown

PATH: /usr/lib64/qt-3.3/bin
PATH: /usr/kerberos/sbin
PATH: /usr/kerberos/bin
PATH: /usr/local/bin
PATH: /bin
PATH: /usr/bin
PATH: /usr/local/sbin
PATH: /usr/sbin
PATH: /sbin


## ----------- ##
## Core tests. ##
## ----------- ##

configure:1880: checking for a BSD-compatible install
configure:1948: result: /usr/bin/install -c
configure:1959: checking whether build environment is sane
configure:2019: result: yes
configure:2160: checking for a thread-safe mkdir -p
configure:2199: result: /bin/mkdir -p
configure:2212: checking for gawk
configure:2228: found /bin/gawk
configure:2239: result: gawk
configure:2250: checking whether make sets $(MAKE)
configure:2272: result: yes
configure:2407: checking for gcc
configure:2423: found /usr/bin/gcc
configure:2434: result: gcc
configure:2666: checking for C compiler version
configure:2674: gcc --version >&5
gcc (GCC) 4.4.7 20120313 (Red Hat 4.4.7-16)
Copyright (C) 2010 Free Software Foundation, Inc.
This is free software; see the source for copying conditions.  There is NO
warranty; not even for MERCHANTABILITY or FITNESS FOR A PARTICULAR PURPOSE.

configure:2678: $? = 0
configure:2685: gcc -v >&5
Using built-in specs.
Target: x86_64-redhat-linux
Configured with: ../configure --prefix=/usr --mandir=/usr/share/man --infodir=/usr/share/info --with-bugurl=http://bugzilla.redhat.com/bugzilla --enable-bootstrap --enable-shared --enable-threads=posix --enable-checking=release --with-system-zlib --enable-__cxa_atexit --disable-libunwind-exceptions --enable-gnu-unique-object --enable-languages=c,c++,objc,obj-c++,java,fortran,ada --enable-java-awt=gtk --disable-dssi --with-java-home=/usr/lib/jvm/java-1.5.0-gcj-1.5.0.0/jre --enable-libgcj-multifile --enable-java-maintainer-mode --with-ecj-jar=/usr/share/java/eclipse-ecj.jar --disable-libjava-multilib --with-ppl --with-cloog --with-tune=generic --with-arch_32=i686 --build=x86_64-redhat-linux
Thread model: posix
gcc version 4.4.7 20120313 (Red Hat 4.4.7-16) (GCC) 
configure:2689: $? = 0
configure:2696: gcc -V >&5
gcc: '-V' option must have argument
configure:2700: $? = 1
configure:2723: checking for C compiler default output file name
configure:2745: gcc    conftest.c  >&5
configure:2749: $? = 0
configure:2787: result: a.out
configure:2806: checking whether the C compiler works
configure:2816: ./a.out
configure:2820: $? = 0
configure:2839: result: yes
configure:2846: checking whether we are cross compiling
configure:2848: result: no
configure:2851: checking for suffix of executables
configure:2858: gcc -o conftest    conftest.c  >&5
configure:2862: $? = 0
configure:2888: result: 
configure:2894: checking for suffix of object files
configure:2920: gcc -c   conftest.c >&5
configure:2924: $? = 0
configure:2949: result: o
configure:2953: checking whether we are using the GNU C compiler
configure:2982: gcc -c   conftest.c >&5
configure:2989: $? = 0
configure:3006: result: yes
configure:3015: checking whether gcc accepts -g
configure:3045: gcc -c -g  conftest.c >&5
configure:3052: $? = 0
configure:3153: result: yes
configure:3170: checking for gcc option to accept ISO C89
configure:3244: gcc  -c -g -O2  conftest.c >&5
configure:3251: $? = 0
configure:3274: result: none needed
configure:3303: checking for style of include used by make
configure:3331: result: GNU
configure:3356: checking dependency style of gcc
configure:3466: result: gcc3
configure:3489: checking how to run the C preprocessor
configure:3529: gcc -E  conftest.c
configure:3536: $? = 0
configure:3567: gcc -E  conftest.c
conftest.c:10:28: error: ac_nonexistent.h: No such file or directory
configure:3574: $? = 1
configure: failed program was:
| /* confdefs.h.  */
| #define PACKAGE_NAME "fuse-tutorial"
| #define PACKAGE_TARNAME "fuse-tutorial"
| #define PACKAGE_VERSION "2014-06-12"
| #define PACKAGE_STRING "fuse-tutorial 2014-06-12"
| #define PACKAGE_BUGREPORT "joseph@pfeifferfamily.net"
| #define PACKAGE "fuse-tutorial"
| #define VERSION "2014-06-12"
| /* end confdefs.h.  */
| #include <ac_nonexistent.h>
configure:3607: result: gcc -E
configure:3636: gcc -E  conftest.c
configure:3643: $? = 0
configure:3674: gcc -E  conftest.c
conftest.c:10:28: error: ac_nonexistent.h: No such file or directory
configure:3681: $? = 1
configure: failed program was:
| /* confdefs.h.  */
| #define PACKAGE_NAME "fuse-tutorial"
| #define PACKAGE_TARNAME "fuse-tutorial"
| #define PACKAGE_VERSION "2014-06-12"
| #define PACKAGE_STRING "fuse-tutorial 2014-06-12"
| #define PACKAGE_BUGREPORT "joseph@pfeifferfamily.net"
| #define PACKAGE "fuse-tutorial"
| #define VERSION "2014-06-12"
| /* end confdefs.h.  */
| #include <ac_nonexistent.h>
configure:3721: checking for grep that handles long lines and -e
configure:3781: result: /bin/grep
configure:3786: checking for egrep
configure:3850: result: /bin/grep -E
configure:3855: checking for ANSI C header files
configure:3885: gcc -c -g -O2  conftest.c >&5
configure:3892: $? = 0
configure:3991: gcc -o conftest -g -O2   conftest.c  >&5
configure:3995: $? = 0
configure:4001: ./conftest
configure:4005: $? = 0
configure:4023: result: yes
configure:4047: checking for sys/types.h
configure:4068: gcc -c -g -O2  conftest.c >&5
configure:4075: $? = 0
configure:4092: result: yes
configure:4047: checking for sys/stat.h
configure:4068: gcc -c -g -O2  conftest.c >&5
configure:4075: $? = 0
configure:4092: result: yes
configure:4047: checking for stdlib.h
configure:4068: gcc -c -g -O2  conftest.c >&5
configure:4075: $? = 0
configure:4092: result: yes
configure:4047: checking for string.h
configure:4068: gcc -c -g -O2  conftest.c >&5
configure:4075: $? = 0
configure:4092: result: yes
configure:4047: checking for memory.h
configure:4068: gcc -c -g -O2  conftest.c >&5
configure:4075: $? = 0
configure:4092: result: yes
configure:4047: checking for strings.h
configure:4068: gcc -c -g -O2  conftest.c >&5
configure:4075: $? = 0
configure:4092: result: yes
configure:4047: checking for inttypes.h
configure:4068: gcc -c -g -O2  conftest.c >&5
configure:4075: $? = 0
configure:4092: result: yes
configure:4047: checking for stdint.h
configure:4068: gcc -c -g -O2  conftest.c >&5
configure:4075: $? = 0
configure:4092: result: yes
configure:4047: checking for unistd.h
configure:4068: gcc -c -g -O2  conftest.c >&5
configure:4075: $? = 0
configure:4092: result: yes
configure:4129: checking fcntl.h usability
configure:4146: gcc -c -g -O2  conftest.c >&5
configure:4153: $? = 0
configure:4167: result: yes
configure:4171: checking fcntl.h presence
configure:4186: gcc -E  conftest.c
configure:4193: $? = 0
configure:4207: result: yes
configure:4240: checking for fcntl.h
configure:4249: result: yes
configure:4129: checking limits.h usability
configure:4146: gcc -c -g -O2  conftest.c >&5
configure:4153: $? = 0
configure:4167: result: yes
configure:4171: checking limits.h presence
configure:4186: gcc -E  conftest.c
configure:4193: $? = 0
configure:4207: result: yes
configure:4240: checking for limits.h
configure:4249: result: yes
configure:4118: checking for stdlib.h
configure:4125: result: yes
configure:4118: checking for string.h
configure:4125: result: yes
configure:4129: checking sys/statvfs.h usability
configure:4146: gcc -c -g -O2  conftest.c >&5
configure:4153: $? = 0
configure:4167: result: yes
configure:4171: checking sys/statvfs.h presence
configure:4186: gcc -E  conftest.c
configure:4193: $? = 0
configure:4207: result: yes
configure:4240: checking for sys/statvfs.h
configure:4249: result: yes
configure:4118: checking for unistd.h
configure:4125: result: yes
configure:4129: checking utime.h usability
configure:4146: gcc -c -g -O2  conftest.c >&5
configure:4153: $? = 0
configure:4167: result: yes
configure:4171: checking utime.h presence
configure:4186: gcc -E  conftest.c
configure:4193: $? = 0
configure:4207: result: yes
configure:4240: checking for utime.h
configure:4249: result: yes
configure:4129: checking sys/xattr.h usability
configure:4146: gcc -c -g -O2  conftest.c >&5
configure:4153: $? = 0
configure:4167: result: yes
configure:4171: checking sys/xattr.h presence
configure:4186: gcc -E  conftest.c
configure:4193: $? = 0
configure:4207: result: yes
configure:4240: checking for sys/xattr.h
configure:4249: result: yes
configure:4315: checking for pkg-config
configure:4333: found /usr/bin/pkg-config
configure:4345: result: /usr/bin/pkg-config
configure:4370: checking pkg-config is at least version 0.9.0
configure:4373: result: yes
configure:4384: checking for FUSE
configure:4391: $PKG_CONFIG --exists --print-errors "fuse"
configure:4394: $? = 0
configure:4407: $PKG_CONFIG --exists --print-errors "fuse"
configure:4410: $? = 0
configure:4487: result: yes
configure:4493: checking for uid_t in sys/types.h
configure:4516: result: yes
configure:4531: checking for mode_t
configure:4559: gcc -c -g -O2  conftest.c >&5
configure:4566: $? = 0
configure:4593: gcc -c -g -O2  conftest.c >&5
conftest.c: In function 'main':
conftest.c:64: error: expected expression before ')' token
configure:4600: $? = 1
configure: failed program was:
| /* confdefs.h.  */
| #define PACKAGE_NAME "fuse-tutorial"
| #define PACKAGE_TARNAME "fuse-tutorial"
| #define PACKAGE_VERSION "2014-06-12"
| #define PACKAGE_STRING "fuse-tutorial 2014-06-12"
| #define PACKAGE_BUGREPORT "joseph@pfeifferfamily.net"
| #define PACKAGE "fuse-tutorial"
| #define VERSION "2014-06-12"
| #define STDC_HEADERS 1
| #define HAVE_SYS_TYPES_H 1
| #define HAVE_SYS_STAT_H 1
| #define HAVE_STDLIB_H 1
| #define HAVE_STRING_H 1
| #define HAVE_MEMORY_H 1
| #define HAVE_STRINGS_H 1
| #define HAVE_INTTYPES_H 1
| #define HAVE_STDINT_H 1
| #define HAVE_UNISTD_H 1
| #define HAVE_FCNTL_H 1
| #define HAVE_LIMITS_H 1
| #define HAVE_STDLIB_H 1
| #define HAVE_STRING_H 1
| #define HAVE_SYS_STATVFS_H 1
| #define HAVE_UNISTD_H 1
| #define HAVE_UTIME_H 1
| #define HAVE_SYS_XATTR_H 1
| /* end confdefs.h.  */
| #include <stdio.h>
| #ifdef HAVE_SYS_TYPES_H
| # include <sys/types.h>
| #endif
| #ifdef HAVE_SYS_STAT_H
| # include <sys/stat.h>
| #endif
| #ifdef STDC_HEADERS
| # include <stdlib.h>
| # include <stddef.h>
| #else
| # ifdef HAVE_STDLIB_H
| #  include <stdlib.h>
| # endif
| #endif
| #ifdef HAVE_STRING_H
| # if !defined STDC_HEADERS && defined HAVE_MEMORY_H
| #  include <memory.h>
| # endif
| # include <string.h>
| #endif
| #ifdef HAVE_STRINGS_H
| # include <strings.h>
| #endif
| #ifdef HAVE_INTTYPES_H
| # include <inttypes.h>
| #endif
| #ifdef HAVE_STDINT_H
| # include <stdint.h>
| #endif
| #ifdef HAVE_UNISTD_H
| # include <unistd.h>
| #endif
| int
| main ()
| {
| if (sizeof ((mode_t)))
| 	  return 0;
|   ;
|   return 0;
| }
configure:4623: result: yes
configure:4635: checking for off_t
configure:4663: gcc -c -g -O2  conftest.c >&5
configure:4670: $? = 0
configure:4697: gcc -c -g -O2  conftest.c >&5
conftest.c: In function 'main':
conftest.c:64: error: expected expression before ')' token
configure:4704: $? = 1
configure: failed program was:
| /* confdefs.h.  */
| #define PACKAGE_NAME "fuse-tutorial"
| #define PACKAGE_TARNAME "fuse-tutorial"
| #define PACKAGE_VERSION "2014-06-12"
| #define PACKAGE_STRING "fuse-tutorial 2014-06-12"
| #define PACKAGE_BUGREPORT "joseph@pfeifferfamily.net"
| #define PACKAGE "fuse-tutorial"
| #define VERSION "2014-06-12"
| #define STDC_HEADERS 1
| #define HAVE_SYS_TYPES_H 1
| #define HAVE_SYS_STAT_H 1
| #define HAVE_STDLIB_H 1
| #define HAVE_STRING_H 1
| #define HAVE_MEMORY_H 1
| #define HAVE_STRINGS_H 1
| #define HAVE_INTTYPES_H 1
| #define HAVE_STDINT_H 1
| #define HAVE_UNISTD_H 1
| #define HAVE_FCNTL_H 1
| #define HAVE_LIMITS_H 1
| #define HAVE_STDLIB_H 1
| #define HAVE_STRING_H 1
| #define HAVE_SYS_STATVFS_H 1
| #define HAVE_UNISTD_H 1
| #define HAVE_UTIME_H 1
| #define HAVE_SYS_XATTR_H 1
| /* end confdefs.h.  */
| #include <stdio.h>
| #ifdef HAVE_SYS_TYPES_H
| # include <sys/types.h>
| #endif
| #ifdef HAVE_SYS_STAT_H
| # include <sys/stat.h>
| #endif
| #ifdef STDC_HEADERS
| # include <stdlib.h>
| # include <stddef.h>
| #else
| # ifdef HAVE_STDLIB_H
| #  include <stdlib.h>
| # endif
| #endif
| #ifdef HAVE_STRING_H
| # if !defined STDC_HEADERS && defined HAVE_MEMORY_H
| #  include <memory.h>
| # endif
| # include <string.h>
| #endif
| #ifdef HAVE_STRINGS_H
| # include <strings.h>
| #endif
| #ifdef HAVE_INTTYPES_H
| # include <inttypes.h>
| #endif
| #ifdef HAVE_STDINT_H
| # include <stdint.h>
| #endif
| #ifdef HAVE_UNISTD_H
| # include <unistd.h>
| #endif
| int
| main ()
| {
| if (sizeof ((off_t)))
| 	  return 0;
|   ;
|   return 0;
| }
configure:4727: result: yes
configure:4739: checking for pid_t
configure:4767: gcc -c -g -O2  conftest.c >&5
configure:4774: $? = 0
configure:4801: gcc -c -g -O2  conftest.c >&5
conftest.c: In function 'main':
conftest.c:64: error: expected expression before ')' token
configure:4808: $? = 1
configure: failed program was:
| /* confdefs.h.  */
| #define PACKAGE_NAME "fuse-tutorial"
| #define PACKAGE_TARNAME "fuse-tutorial"
| #define PACKAGE_VERSION "2014-06-12"
| #define PACKAGE_STRING "fuse-tutorial 2014-06-12"
| #define PACKAGE_BUGREPORT "joseph@pfeifferfamily.net"
| #define PACKAGE "fuse-tutorial"
| #define VERSION "2014-06-12"
| #define STDC_HEADERS 1
| #define HAVE_SYS_TYPES_H 1
| #define HAVE_SYS_STAT_H 1
| #define HAVE_STDLIB_H 1
| #define HAVE_STRING_H 1
| #define HAVE_MEMORY_H 1
| #define HAVE_STRINGS_H 1
| #define HAVE_INTTYPES_H 1
| #define HAVE_STDINT_H 1
| #define HAVE_UNISTD_H 1
| #define HAVE_FCNTL_H 1
| #define HAVE_LIMITS_H 1
| #define HAVE_STDLIB_H 1
| #define HAVE_STRING_H 1
| #define HAVE_SYS_STATVFS_H 1
| #define HAVE_UNISTD_H 1
| #define HAVE_UTIME_H 1
| #define HAVE_SYS_XATTR_H 1
| /* end confdefs.h.  */
| #include <stdio.h>
| #ifdef HAVE_SYS_TYPES_H
| # include <sys/types.h>
| #endif
| #ifdef HAVE_SYS_STAT_H
| # include <sys/stat.h>
| #endif
| #ifdef STDC_HEADERS
| # include <stdlib.h>
| # include <stddef.h>
| #else
| # ifdef HAVE_STDLIB_H
| #  include <stdlib.h>
| # endif
| #endif
| #ifdef HAVE_STRING_H
| # if !defined STDC_HEADERS && defined HAVE_MEMORY_H
| #  include <memory.h>
| # endif
| # include <string.h>
| #endif
| #ifdef HAVE_STRINGS_H
| # include <strings.h>
| #endif
| #ifdef HAVE_INTTYPES_H
| # include <inttypes.h>
| #endif
| #ifdef HAVE_STDINT_H
| # include <stdint.h>
| #endif
| #ifdef HAVE_UNISTD_H
| # include <unistd.h>
| #endif
| int
| main ()
| {
| if (sizeof ((pid_t)))
| 	  return 0;
|   ;
|   return 0;
| }
configure:4831: result: yes
configure:4843: checking for size_t
configure:4871: gcc -c -g -O2  conftest.c >&5
configure:4878: $? = 0
configure:4905: gcc -c -g -O2  conftest.c >&5
conftest.c: In function 'main':
conftest.c:64: error: expected expression before ')' token
configure:4912: $? = 1
configure: failed program was:
| /* confdefs.h.  */
| #define PACKAGE_NAME "fuse-tutorial"
| #define PACKAGE_TARNAME "fuse-tutorial"
| #define PACKAGE_VERSION "2014-06-12"
| #define PACKAGE_STRING "fuse-tutorial 2014-06-12"
| #define PACKAGE_BUGREPORT "joseph@pfeifferfamily.net"
| #define PACKAGE "fuse-tutorial"
| #define VERSION "2014-06-12"
| #define STDC_HEADERS 1
| #define HAVE_SYS_TYPES_H 1
| #define HAVE_SYS_STAT_H 1
| #define HAVE_STDLIB_H 1
| #define HAVE_STRING_H 1
| #define HAVE_MEMORY_H 1
| #define HAVE_STRINGS_H 1
| #define HAVE_INTTYPES_H 1
| #define HAVE_STDINT_H 1
| #define HAVE_UNISTD_H 1
| #define HAVE_FCNTL_H 1
| #define HAVE_LIMITS_H 1
| #define HAVE_STDLIB_H 1
| #define HAVE_STRING_H 1
| #define HAVE_SYS_STATVFS_H 1
| #define HAVE_UNISTD_H 1
| #define HAVE_UTIME_H 1
| #define HAVE_SYS_XATTR_H 1
| /* end confdefs.h.  */
| #include <stdio.h>
| #ifdef HAVE_SYS_TYPES_H
| # include <sys/types.h>
| #endif
| #ifdef HAVE_SYS_STAT_H
| # include <sys/stat.h>
| #endif
| #ifdef STDC_HEADERS
| # include <stdlib.h>
| # include <stddef.h>
| #else
| # ifdef HAVE_STDLIB_H
| #  include <stdlib.h>
| # endif
| #endif
| #ifdef HAVE_STRING_H
| # if !defined STDC_HEADERS && defined HAVE_MEMORY_H
| #  include <memory.h>
| # endif
| # include <string.h>
| #endif
| #ifdef HAVE_STRINGS_H
| # include <strings.h>
| #endif
| #ifdef HAVE_INTTYPES_H
| # include <inttypes.h>
| #endif
| #ifdef HAVE_STDINT_H
| # include <stdint.h>
| #endif
| #ifdef HAVE_UNISTD_H
| # include <unistd.h>
| #endif
| int
| main ()
| {
| if (sizeof ((size_t)))
| 	  return 0;
|   ;
|   return 0;
| }
configure:4935: result: yes
configure:4947: checking for struct stat.st_blksize
configure:4975: gcc -c -g -O2  conftest.c >&5
configure:4982: $? = 0
configure:5040: result: yes
configure:5051: checking for struct stat.st_blocks
configure:5079: gcc -c -g -O2  conftest.c >&5
configure:5086: $? = 0
configure:5144: result: yes
configure:5167: checking for struct stat.st_rdev
configure:5195: gcc -c -g -O2  conftest.c >&5
configure:5202: $? = 0
configure:5260: result: yes
configure:5272: checking for uint64_t
configure:5303: gcc -c -g -O2  conftest.c >&5
configure:5310: $? = 0
configure:5331: result: yes
configure:5355: checking for unistd.h
configure:5362: result: yes
configure:5501: checking for working chown
configure:5544: gcc -o conftest -g -O2   conftest.c  >&5
configure:5548: $? = 0
configure:5554: ./conftest
configure:5558: $? = 0
configure:5577: result: yes
configure:5587: checking whether lstat dereferences a symlink specified with a trailing slash
configure:5623: gcc -o conftest -g -O2   conftest.c  >&5
configure:5627: $? = 0
configure:5633: ./conftest
configure:5637: $? = 0
configure:5661: result: yes
configure:5685: checking for stdlib.h
configure:5692: result: yes
configure:5831: checking for GNU libc compatible malloc
configure:5865: gcc -o conftest -g -O2   conftest.c  >&5
configure:5869: $? = 0
configure:5875: ./conftest
configure:5879: $? = 0
configure:5896: result: yes
configure:5934: checking for ftruncate
configure:5990: gcc -o conftest -g -O2   conftest.c  >&5
configure:5997: $? = 0
configure:6019: result: yes
configure:5934: checking for mkdir
configure:5990: gcc -o conftest -g -O2   conftest.c  >&5
configure:5997: $? = 0
configure:6019: result: yes
configure:5934: checking for mkfifo
configure:5990: gcc -o conftest -g -O2   conftest.c  >&5
configure:5997: $? = 0
configure:6019: result: yes
configure:5934: checking for realpath
configure:5990: gcc -o conftest -g -O2   conftest.c  >&5
configure:5997: $? = 0
configure:6019: result: yes
configure:5934: checking for rmdir
configure:5990: gcc -o conftest -g -O2   conftest.c  >&5
configure:5997: $? = 0
configure:6019: result: yes
configure:5934: checking for strerror
configure:5990: gcc -o conftest -g -O2   conftest.c  >&5
configure:5997: $? = 0
configure:6019: result: yes
configure:5934: checking for utime
configure:5990: gcc -o conftest -g -O2   conftest.c  >&5
configure:5997: $? = 0
configure:6019: result: yes
configure:6037: checking for fdatasync
configure:6093: gcc -o conftest -g -O2   conftest.c  >&5
configure:6100: $? = 0
configure:6122: result: yes
configure:6261: creating ./config.status

## ---------------------- ##
## Running config.status. ##
## ---------------------- ##

This file was extended by fuse-tutorial config.status 2014-06-12, which was
generated by GNU Autoconf 2.63.  Invocation command line was

  CONFIG_FILES    = 
  CONFIG_HEADERS  = 
  CONFIG_LINKS    = 
  CONFIG_COMMANDS = 
  $ ./config.status 

on cpp.cs.rutgers.edu

config.status:800: creating Makefile
config.status:800: creating src/Makefile
config.status:800: creating src/config.h
config.status:1022: src/config.h is unchanged
config.status:1074: executing depfiles commands

## ---------------- ##
## Cache variables. ##
## ---------------- ##

ac_cv_c_compiler_gnu=yes
ac_cv_c_uint64_t=yes
ac_cv_env_CC_set=
ac_cv_env_CC_value=
ac_cv_env_CFLAGS_set=
ac_cv_env_CFLAGS_value=
ac_cv_env_CPPFLAGS_set=
ac_cv_env_CPPFLAGS_value=
ac_cv_env_CPP_set=
ac_cv_env_CPP_value=
ac_cv_env_FUSE_CFLAGS_set=
ac_cv_env_FUSE_CFLAGS_value=
ac_cv_env_FUSE_LIBS_set=
ac_cv_env_FUSE_LIBS_value=
ac_cv_env_LDFLAGS_set=
ac_cv_env_LDFLAGS_value=
ac_cv_env_LIBS_set=
ac_cv_env_LIBS_value=
ac_cv_env_PKG_CONFIG_set=
ac_cv_env_PKG_CONFIG_value=
ac_cv_env_build_alias_set=
ac_cv_env_build_alias_value=
ac_cv_env_host_alias_set=
ac_cv_env_host_alias_value=
ac_cv_env_target_alias_set=
ac_cv_env_target_alias_value=
ac_cv_func_chown_works=yes
ac_cv_func_fdatasync=yes
ac_cv_func_ftruncate=yes
ac_cv_func_lstat_dereferences_slashed_symlink=yes
ac_cv_func_malloc_0_nonnull=yes
ac_cv_func_mkdir=yes
ac_cv_func_mkfifo=yes
ac_cv_func_realpath=yes
ac_cv_func_rmdir=yes
ac_cv_func_strerror=yes
ac_cv_func_utime=yes
ac_cv_header_fcntl_h=yes
ac_cv_header_inttypes_h=yes
ac_cv_header_limits_h=yes
ac_cv_header_memory_h=yes
ac_cv_header_stdc=yes
ac_cv_header_stdint_h=yes
ac_cv_header_stdlib_h=yes
ac_cv_header_string_h=yes
ac_cv_header_strings_h=yes
ac_cv_header_sys_stat_h=yes
ac_cv_header_sys_statvfs_h=yes
ac_cv_header_sys_types_h=yes
ac_cv_header_sys_xattr_h=yes
ac_cv_header_unistd_h=yes
ac_cv_header_utime_h=yes
ac_cv_member_struct_stat_st_blksize=yes
ac_cv_member_struct_stat_st_blocks=yes
ac_cv_member_struct_stat_st_rdev=yes
ac_cv_objext=o
ac_cv_path_EGREP='/bin/grep -E'
ac_cv_path_GREP=/bin/grep
ac_cv_path_ac_pt_PKG_CONFIG=/usr/bin/pkg-config
ac_cv_path_install='/usr/bin/install -c'
ac_cv_path_mkdir=/bin/mkdir
ac_cv_prog_AWK=gawk
ac_cv_prog_CPP='gcc -E'
ac_cv_prog_ac_ct_CC=gcc
ac_cv_prog_cc_c89=
ac_cv_prog_cc_g=yes
ac_cv_prog_make_make_set=yes
ac_cv_type_mode_t=yes
ac_cv_type_off_t=yes
ac_cv_type_pid_t=yes
ac_cv_type_size_t=yes
ac_cv_type_uid_t=yes
am_cv_CC_dependencies_compiler_type=gcc3
pkg_cv_FUSE_CFLAGS='-D_FILE_OFFSET_BITS=64 -I/usr/include/fuse  '
pkg_cv_FUSE_LIBS='-pthread -L/lib64 -lfuse -lrt -ldl  '

## ----------------- ##
## Output variables. ##
## ----------------- ##

ACLOCAL='${SHELL} /ilab/users/sd925/assignment3/missing --run aclocal-1.11'
AMDEPBACKSLASH='\'
AMDEP_FALSE='#'
AMDEP_TRUE=''
AMTAR='${SHELL} /ilab/users/sd925/assignment3/missing --run tar'
AUTOCONF='${SHELL} /ilab/users/sd925/assignment3/missing --run autoconf'
AUTOHEADER='${SHELL} /ilab/users/sd925/assignment3/missing --run autoheader'
AUTOMAKE='${SHELL} /ilab/users/sd925/assignment3/missing --run automake-1.11'
AWK='gawk'
CC='gcc'
CCDEPMODE='depmode=gcc3'
CFLAGS='-g -O2'
CPP='gcc -E'
CPPFLAGS=''
CYGPATH_W='echo'
DEFS='-DHAVE_CONFIG_H'
DEPDIR='.deps'
ECHO_C=''
ECHO_N='-n'
ECHO_T=''
EGREP='/bin/grep -E'
EXEEXT=''
FUSE_CFLAGS='-D_FILE_OFFSET_BITS=64 -I/usr/include/fuse  '
FUSE_LIBS='-pthread -L/lib64 -lfuse -lrt -ldl  '
GREP='/bin/grep'
INSTALL_DATA='${INSTALL} -m 644'
INSTALL_PROGRAM='${INSTALL}'
INSTALL_SCRIPT='${INSTALL}'
INSTALL_STRIP_PROGRAM='$(install_sh) -c -s'
LDFLAGS=''
LIBOBJS=''
LIBS=''
LTLIBOBJS=''
MAKEINFO='${SHELL} /ilab/users/sd925/assignment3/missing --run makeinfo'
MKDIR_P='/bin/mkdir -p'
OBJEXT='o'
PACKAGE='fuse-tutorial'
PACKAGE_BUGREPORT='joseph@pfeifferfamily.net'
PACKAGE_NAME='fuse-tutorial'
PACKAGE_STRING='fuse-tutorial 2014-06-12'
PACKAGE_TARNAME='fuse-tutorial'
PACKAGE_VERSION='2014-06-12'
PATH_SEPARATOR=':'
PKG_CONFIG='/usr/bin/pkg-config'
SET_MAKE=''
SHELL='/bin/sh'
STRIP=''
VERSION='2014-06-12'
ac_ct_CC='gcc'
am__EXEEXT_FALSE=''
am__EXEEXT_TRUE='#'
am__fastdepCC_FALSE='#'
am__fastdepCC_TRUE=''
am__include='include'
am__isrc=''
am__leading_dot='.'
am__quote=''
am__tar='${AMTAR} chof - "$$tardir"'
am__untar='${AMTAR} xf -'
bindir='${exec_prefix}/bin'
build_alias=''
datadir='${datarootdir}'
datarootdir='${prefix}/share'
docdir='${datarootdir}/doc/${PACKAGE_TARNAME}'
dvidir='${docdir}'
exec_prefix='${prefix}'
host_alias=''
htmldir='${docdir}'
includedir='${prefix}/include'
infodir='${datarootdir}/info'
install_sh='${SHELL} /ilab/users/sd925/assignment3/install-sh'
libdir='${exec_prefix}/lib'
libexecdir='${exec_prefix}/libexec'
localedir='${datarootdir}/locale'
localstatedir='${prefix}/var'
mandir='${datarootdir}/man'
mkdir_p='/bin/mkdir -p'
oldincludedir='/usr/include'
pdfdir='${docdir}'
prefix='/usr/local'
program_transform_name='s,x,x,'
psdir='${docdir}'
sbindir='${exec_prefix}/sbin'
sharedstatedir='${prefix}/com'
sysconfdir='${prefix}/etc'
target_alias=''

## ----------- ##
## confdefs.h. ##
## ----------- ##

#define PACKAGE_NAME "fuse-tutorial"
#define PACKAGE_TARNAME "fuse-tutorial"
#define PACKAGE_VERSION "2014-06-12"
#define PACKAGE_STRING "fuse-tutorial 2014-06-12"
#define PACKAGE_BUGREPORT "joseph@pfeifferfamily.net"
#define PACKAGE "fuse-tutorial"
#define VERSION "2014-06-12"
#define STDC_HEADERS 1
#define HAVE_SYS_TYPES_H 1
#define HAVE_SYS_STAT_H 1
#define HAVE_STDLIB_H 1
#define HAVE_STRING_H 1
#define HAVE_MEMORY_H 1
#define HAVE_STRINGS_H 1
#define HAVE_INTTYPES_H 1
#define HAVE_STDINT_H 1
#define HAVE_UNISTD_H 1
#define HAVE_FCNTL_H 1
#define HAVE_LIMITS_H 1
#define HAVE_STDLIB_H 1
#define HAVE_STRING_H 1
#define HAVE_SYS_STATVFS_H 1
#define HAVE_UNISTD_H 1
#define HAVE_UTIME_H 1
#define HAVE_SYS_XATTR_H 1
#define HAVE_STRUCT_STAT_ST_BLKSIZE 1
#define HAVE_STRUCT_STAT_ST_BLOCKS 1
#define HAVE_ST_BLOCKS 1
#define HAVE_STRUCT_STAT_ST_RDEV 1
#define HAVE_UNISTD_H 1
#define HAVE_CHOWN 1
#define LSTAT_FOLLOWS_SLASHED_SYMLINK 1
#define HAVE_STDLIB_H 1
#define HAVE_MALLOC 1
#define HAVE_FTRUNCATE 1
#define HAVE_MKDIR 1
#define HAVE_MKFIFO 1
#define HAVE_REALPATH 1
#define HAVE_RMDIR 1
#define HAVE_STRERROR 1
#define HAVE_UTIME 1
#define HAVE_FDATASYNC 1

configure: exit 0
